<?xml version="1.0" encoding="UTF-8"?>
<!-- Generated by org.testng.reporters.JUnitReportReporter -->
<testsuite hostname="DESKTOP-UIFG9QV" failures="0" tests="7" name="Test_Runner.Login_Test" time="214.928" errors="0" timestamp="2021-10-16T18:47:34 IST" skipped="0">
  <testcase classname="Test_Runner.Login_Test" name="login_Tc1" time="22.665"/>
  <system-out/>
  <testcase classname="Test_Runner.Login_Test" name="login_Tc1" time="25.355"/>
  <system-out/>
  <testcase classname="Test_Runner.Login_Test" name="login_Tc1" time="31.433"/>
  <system-out/>
  <testcase classname="Test_Runner.Login_Test" name="login_Tc1" time="30.164"/>
  <system-out/>
  <testcase classname="Test_Runner.Login_Test" name="login_Tc1" time="36.349"/>
  <system-out/>
  <testcase classname="Test_Runner.Login_Test" name="login_Tc1" time="29.117"/>
  <system-out/>
  <testcase classname="Test_Runner.Login_Test" name="login_Tc1" time="39.845"/>
  <system-out/>
</testsuite> <!-- Test_Runner.Login_Test -->
