<?xml version="1.0" encoding="UTF-8"?>
<!-- Generated by org.testng.reporters.JUnitReportReporter -->
<testsuite hostname="DESKTOP-UIFG9QV" failures="0" tests="1" name="Test_Runner.Register_Patient_Test" time="23.622" errors="0" timestamp="2021-10-16T13:22:58 IST" skipped="0">
  <testcase classname="Test_Runner.Register_Patient_Test" name="login_Tc1" time="23.622"/>
  <system-out/>
</testsuite> <!-- Test_Runner.Register_Patient_Test -->
