<?xml version="1.0" encoding="UTF-8"?>
<!-- Generated by org.testng.reporters.JUnitReportReporter -->
<testsuite hostname="DESKTOP-UIFG9QV" failures="0" tests="1" name="Test_Runner.Single_test_runner" time="24.025" errors="0" timestamp="2021-10-22T21:34:37 IST" skipped="0">
  <testcase classname="Test_Runner.Single_test_runner" name="login_Tc1" time="24.025"/>
  <system-out/>
</testsuite> <!-- Test_Runner.Single_test_runner -->
